F:\PROJECT ENGINEERING\SAVE INTERNET ADDICT\程序代码\SAVE INTERNETADDICT CONTROL\DEBUG\SAVE INTERNETADDICT CONTROL.EXE
F:\PROJECT ENGINEERING\SAVE INTERNET ADDICT\程序代码\SAVE INTERNETADDICT CONTROL\DEBUG\SAVE INTERNETADDICT CONTROL.ILK
F:\PROJECT ENGINEERING\SAVE INTERNET ADDICT\程序代码\SAVE INTERNETADDICT CONTROL\DEBUG\SAVE INTERNETADDICT CONTROL.PDB
F:\Project Engineering\Save Internet addict\程序代码\Save InternetAddict Control\Save InternetAddict Control\Debug\cl.command.1.tlog
F:\Project Engineering\Save Internet addict\程序代码\Save InternetAddict Control\Save InternetAddict Control\Debug\CL.read.1.tlog
F:\Project Engineering\Save Internet addict\程序代码\Save InternetAddict Control\Save InternetAddict Control\Debug\CL.write.1.tlog
F:\Project Engineering\Save Internet addict\程序代码\Save InternetAddict Control\Save InternetAddict Control\Debug\link.10032.read.1.tlog
F:\Project Engineering\Save Internet addict\程序代码\Save InternetAddict Control\Save InternetAddict Control\Debug\link.10032.write.1.tlog
F:\Project Engineering\Save Internet addict\程序代码\Save InternetAddict Control\Save InternetAddict Control\Debug\link.10032-cvtres.read.1.tlog
F:\Project Engineering\Save Internet addict\程序代码\Save InternetAddict Control\Save InternetAddict Control\Debug\link.10032-cvtres.write.1.tlog
F:\Project Engineering\Save Internet addict\程序代码\Save InternetAddict Control\Save InternetAddict Control\Debug\link.10608.read.1.tlog
F:\Project Engineering\Save Internet addict\程序代码\Save InternetAddict Control\Save InternetAddict Control\Debug\link.10608.write.1.tlog
F:\Project Engineering\Save Internet addict\程序代码\Save InternetAddict Control\Save InternetAddict Control\Debug\link.10608-cvtres.read.1.tlog
F:\Project Engineering\Save Internet addict\程序代码\Save InternetAddict Control\Save InternetAddict Control\Debug\link.10608-cvtres.write.1.tlog
F:\Project Engineering\Save Internet addict\程序代码\Save InternetAddict Control\Save InternetAddict Control\Debug\link.11068.read.1.tlog
F:\Project Engineering\Save Internet addict\程序代码\Save InternetAddict Control\Save InternetAddict Control\Debug\link.11068.write.1.tlog
F:\Project Engineering\Save Internet addict\程序代码\Save InternetAddict Control\Save InternetAddict Control\Debug\link.11068-cvtres.read.1.tlog
F:\Project Engineering\Save Internet addict\程序代码\Save InternetAddict Control\Save InternetAddict Control\Debug\link.11068-cvtres.write.1.tlog
F:\Project Engineering\Save Internet addict\程序代码\Save InternetAddict Control\Save InternetAddict Control\Debug\link.11700.read.1.tlog
F:\Project Engineering\Save Internet addict\程序代码\Save InternetAddict Control\Save InternetAddict Control\Debug\link.11700.write.1.tlog
F:\Project Engineering\Save Internet addict\程序代码\Save InternetAddict Control\Save InternetAddict Control\Debug\link.11700-cvtres.read.1.tlog
F:\Project Engineering\Save Internet addict\程序代码\Save InternetAddict Control\Save InternetAddict Control\Debug\link.11700-cvtres.write.1.tlog
F:\Project Engineering\Save Internet addict\程序代码\Save InternetAddict Control\Save InternetAddict Control\Debug\link.11796.read.1.tlog
F:\Project Engineering\Save Internet addict\程序代码\Save InternetAddict Control\Save InternetAddict Control\Debug\link.11796.write.1.tlog
F:\Project Engineering\Save Internet addict\程序代码\Save InternetAddict Control\Save InternetAddict Control\Debug\link.11796-cvtres.read.1.tlog
F:\Project Engineering\Save Internet addict\程序代码\Save InternetAddict Control\Save InternetAddict Control\Debug\link.11796-cvtres.write.1.tlog
F:\Project Engineering\Save Internet addict\程序代码\Save InternetAddict Control\Save InternetAddict Control\Debug\link.1208.read.1.tlog
F:\Project Engineering\Save Internet addict\程序代码\Save InternetAddict Control\Save InternetAddict Control\Debug\link.1208.write.1.tlog
F:\Project Engineering\Save Internet addict\程序代码\Save InternetAddict Control\Save InternetAddict Control\Debug\link.1208-cvtres.read.1.tlog
F:\Project Engineering\Save Internet addict\程序代码\Save InternetAddict Control\Save InternetAddict Control\Debug\link.1208-cvtres.write.1.tlog
F:\Project Engineering\Save Internet addict\程序代码\Save InternetAddict Control\Save InternetAddict Control\Debug\link.12988.read.1.tlog
F:\Project Engineering\Save Internet addict\程序代码\Save InternetAddict Control\Save InternetAddict Control\Debug\link.12988.write.1.tlog
F:\Project Engineering\Save Internet addict\程序代码\Save InternetAddict Control\Save InternetAddict Control\Debug\link.12988-cvtres.read.1.tlog
F:\Project Engineering\Save Internet addict\程序代码\Save InternetAddict Control\Save InternetAddict Control\Debug\link.12988-cvtres.write.1.tlog
F:\Project Engineering\Save Internet addict\程序代码\Save InternetAddict Control\Save InternetAddict Control\Debug\link.13012.read.1.tlog
F:\Project Engineering\Save Internet addict\程序代码\Save InternetAddict Control\Save InternetAddict Control\Debug\link.13012.write.1.tlog
F:\Project Engineering\Save Internet addict\程序代码\Save InternetAddict Control\Save InternetAddict Control\Debug\link.13012-cvtres.read.1.tlog
F:\Project Engineering\Save Internet addict\程序代码\Save InternetAddict Control\Save InternetAddict Control\Debug\link.13012-cvtres.write.1.tlog
F:\Project Engineering\Save Internet addict\程序代码\Save InternetAddict Control\Save InternetAddict Control\Debug\link.13316.read.1.tlog
F:\Project Engineering\Save Internet addict\程序代码\Save InternetAddict Control\Save InternetAddict Control\Debug\link.13316.write.1.tlog
F:\Project Engineering\Save Internet addict\程序代码\Save InternetAddict Control\Save InternetAddict Control\Debug\link.13316-cvtres.read.1.tlog
F:\Project Engineering\Save Internet addict\程序代码\Save InternetAddict Control\Save InternetAddict Control\Debug\link.13316-cvtres.write.1.tlog
F:\Project Engineering\Save Internet addict\程序代码\Save InternetAddict Control\Save InternetAddict Control\Debug\link.14028.read.1.tlog
F:\Project Engineering\Save Internet addict\程序代码\Save InternetAddict Control\Save InternetAddict Control\Debug\link.14028.write.1.tlog
F:\Project Engineering\Save Internet addict\程序代码\Save InternetAddict Control\Save InternetAddict Control\Debug\link.14028-cvtres.read.1.tlog
F:\Project Engineering\Save Internet addict\程序代码\Save InternetAddict Control\Save InternetAddict Control\Debug\link.14028-cvtres.write.1.tlog
F:\Project Engineering\Save Internet addict\程序代码\Save InternetAddict Control\Save InternetAddict Control\Debug\link.14200.read.1.tlog
F:\Project Engineering\Save Internet addict\程序代码\Save InternetAddict Control\Save InternetAddict Control\Debug\link.14200.write.1.tlog
F:\Project Engineering\Save Internet addict\程序代码\Save InternetAddict Control\Save InternetAddict Control\Debug\link.14200-cvtres.read.1.tlog
F:\Project Engineering\Save Internet addict\程序代码\Save InternetAddict Control\Save InternetAddict Control\Debug\link.14200-cvtres.write.1.tlog
F:\Project Engineering\Save Internet addict\程序代码\Save InternetAddict Control\Save InternetAddict Control\Debug\link.14432.read.1.tlog
F:\Project Engineering\Save Internet addict\程序代码\Save InternetAddict Control\Save InternetAddict Control\Debug\link.14432.write.1.tlog
F:\Project Engineering\Save Internet addict\程序代码\Save InternetAddict Control\Save InternetAddict Control\Debug\link.14432-cvtres.read.1.tlog
F:\Project Engineering\Save Internet addict\程序代码\Save InternetAddict Control\Save InternetAddict Control\Debug\link.14432-cvtres.write.1.tlog
F:\Project Engineering\Save Internet addict\程序代码\Save InternetAddict Control\Save InternetAddict Control\Debug\link.16148.read.1.tlog
F:\Project Engineering\Save Internet addict\程序代码\Save InternetAddict Control\Save InternetAddict Control\Debug\link.16148.write.1.tlog
F:\Project Engineering\Save Internet addict\程序代码\Save InternetAddict Control\Save InternetAddict Control\Debug\link.16148-cvtres.read.1.tlog
F:\Project Engineering\Save Internet addict\程序代码\Save InternetAddict Control\Save InternetAddict Control\Debug\link.16148-cvtres.write.1.tlog
F:\Project Engineering\Save Internet addict\程序代码\Save InternetAddict Control\Save InternetAddict Control\Debug\link.16232.read.1.tlog
F:\Project Engineering\Save Internet addict\程序代码\Save InternetAddict Control\Save InternetAddict Control\Debug\link.16232.write.1.tlog
F:\Project Engineering\Save Internet addict\程序代码\Save InternetAddict Control\Save InternetAddict Control\Debug\link.16232-cvtres.read.1.tlog
F:\Project Engineering\Save Internet addict\程序代码\Save InternetAddict Control\Save InternetAddict Control\Debug\link.16232-cvtres.write.1.tlog
F:\Project Engineering\Save Internet addict\程序代码\Save InternetAddict Control\Save InternetAddict Control\Debug\link.16256.read.1.tlog
F:\Project Engineering\Save Internet addict\程序代码\Save InternetAddict Control\Save InternetAddict Control\Debug\link.16256.write.1.tlog
F:\Project Engineering\Save Internet addict\程序代码\Save InternetAddict Control\Save InternetAddict Control\Debug\link.16256-cvtres.read.1.tlog
F:\Project Engineering\Save Internet addict\程序代码\Save InternetAddict Control\Save InternetAddict Control\Debug\link.16256-cvtres.write.1.tlog
F:\Project Engineering\Save Internet addict\程序代码\Save InternetAddict Control\Save InternetAddict Control\Debug\link.16968.read.1.tlog
F:\Project Engineering\Save Internet addict\程序代码\Save InternetAddict Control\Save InternetAddict Control\Debug\link.16968.write.1.tlog
F:\Project Engineering\Save Internet addict\程序代码\Save InternetAddict Control\Save InternetAddict Control\Debug\link.16968-cvtres.read.1.tlog
F:\Project Engineering\Save Internet addict\程序代码\Save InternetAddict Control\Save InternetAddict Control\Debug\link.16968-cvtres.write.1.tlog
F:\Project Engineering\Save Internet addict\程序代码\Save InternetAddict Control\Save InternetAddict Control\Debug\link.17088.read.1.tlog
F:\Project Engineering\Save Internet addict\程序代码\Save InternetAddict Control\Save InternetAddict Control\Debug\link.17088.write.1.tlog
F:\Project Engineering\Save Internet addict\程序代码\Save InternetAddict Control\Save InternetAddict Control\Debug\link.17088-cvtres.read.1.tlog
F:\Project Engineering\Save Internet addict\程序代码\Save InternetAddict Control\Save InternetAddict Control\Debug\link.17088-cvtres.write.1.tlog
F:\Project Engineering\Save Internet addict\程序代码\Save InternetAddict Control\Save InternetAddict Control\Debug\link.2348.read.1.tlog
F:\Project Engineering\Save Internet addict\程序代码\Save InternetAddict Control\Save InternetAddict Control\Debug\link.2348.write.1.tlog
F:\Project Engineering\Save Internet addict\程序代码\Save InternetAddict Control\Save InternetAddict Control\Debug\link.2348-cvtres.read.1.tlog
F:\Project Engineering\Save Internet addict\程序代码\Save InternetAddict Control\Save InternetAddict Control\Debug\link.2348-cvtres.write.1.tlog
F:\Project Engineering\Save Internet addict\程序代码\Save InternetAddict Control\Save InternetAddict Control\Debug\link.3460.read.1.tlog
F:\Project Engineering\Save Internet addict\程序代码\Save InternetAddict Control\Save InternetAddict Control\Debug\link.3460.write.1.tlog
F:\Project Engineering\Save Internet addict\程序代码\Save InternetAddict Control\Save InternetAddict Control\Debug\link.3460-cvtres.read.1.tlog
F:\Project Engineering\Save Internet addict\程序代码\Save InternetAddict Control\Save InternetAddict Control\Debug\link.3460-cvtres.write.1.tlog
F:\Project Engineering\Save Internet addict\程序代码\Save InternetAddict Control\Save InternetAddict Control\Debug\link.3868.read.1.tlog
F:\Project Engineering\Save Internet addict\程序代码\Save InternetAddict Control\Save InternetAddict Control\Debug\link.3868.write.1.tlog
F:\Project Engineering\Save Internet addict\程序代码\Save InternetAddict Control\Save InternetAddict Control\Debug\link.3868-cvtres.read.1.tlog
F:\Project Engineering\Save Internet addict\程序代码\Save InternetAddict Control\Save InternetAddict Control\Debug\link.3868-cvtres.write.1.tlog
F:\Project Engineering\Save Internet addict\程序代码\Save InternetAddict Control\Save InternetAddict Control\Debug\link.4168.read.1.tlog
F:\Project Engineering\Save Internet addict\程序代码\Save InternetAddict Control\Save InternetAddict Control\Debug\link.4168.write.1.tlog
F:\Project Engineering\Save Internet addict\程序代码\Save InternetAddict Control\Save InternetAddict Control\Debug\link.4168-cvtres.read.1.tlog
F:\Project Engineering\Save Internet addict\程序代码\Save InternetAddict Control\Save InternetAddict Control\Debug\link.4168-cvtres.write.1.tlog
F:\Project Engineering\Save Internet addict\程序代码\Save InternetAddict Control\Save InternetAddict Control\Debug\link.4184.read.1.tlog
F:\Project Engineering\Save Internet addict\程序代码\Save InternetAddict Control\Save InternetAddict Control\Debug\link.4184.write.1.tlog
F:\Project Engineering\Save Internet addict\程序代码\Save InternetAddict Control\Save InternetAddict Control\Debug\link.4184-cvtres.read.1.tlog
F:\Project Engineering\Save Internet addict\程序代码\Save InternetAddict Control\Save InternetAddict Control\Debug\link.4184-cvtres.write.1.tlog
F:\Project Engineering\Save Internet addict\程序代码\Save InternetAddict Control\Save InternetAddict Control\Debug\link.4392.read.1.tlog
F:\Project Engineering\Save Internet addict\程序代码\Save InternetAddict Control\Save InternetAddict Control\Debug\link.4392.write.1.tlog
F:\Project Engineering\Save Internet addict\程序代码\Save InternetAddict Control\Save InternetAddict Control\Debug\link.4392-cvtres.read.1.tlog
F:\Project Engineering\Save Internet addict\程序代码\Save InternetAddict Control\Save InternetAddict Control\Debug\link.4392-cvtres.write.1.tlog
F:\Project Engineering\Save Internet addict\程序代码\Save InternetAddict Control\Save InternetAddict Control\Debug\link.5524.read.1.tlog
F:\Project Engineering\Save Internet addict\程序代码\Save InternetAddict Control\Save InternetAddict Control\Debug\link.5524.write.1.tlog
F:\Project Engineering\Save Internet addict\程序代码\Save InternetAddict Control\Save InternetAddict Control\Debug\link.5524-cvtres.read.1.tlog
F:\Project Engineering\Save Internet addict\程序代码\Save InternetAddict Control\Save InternetAddict Control\Debug\link.5524-cvtres.write.1.tlog
F:\Project Engineering\Save Internet addict\程序代码\Save InternetAddict Control\Save InternetAddict Control\Debug\link.7728.read.1.tlog
F:\Project Engineering\Save Internet addict\程序代码\Save InternetAddict Control\Save InternetAddict Control\Debug\link.7728.write.1.tlog
F:\Project Engineering\Save Internet addict\程序代码\Save InternetAddict Control\Save InternetAddict Control\Debug\link.7728-cvtres.read.1.tlog
F:\Project Engineering\Save Internet addict\程序代码\Save InternetAddict Control\Save InternetAddict Control\Debug\link.7728-cvtres.write.1.tlog
F:\Project Engineering\Save Internet addict\程序代码\Save InternetAddict Control\Save InternetAddict Control\Debug\link.9052.read.1.tlog
F:\Project Engineering\Save Internet addict\程序代码\Save InternetAddict Control\Save InternetAddict Control\Debug\link.9052.write.1.tlog
F:\Project Engineering\Save Internet addict\程序代码\Save InternetAddict Control\Save InternetAddict Control\Debug\link.9052-cvtres.read.1.tlog
F:\Project Engineering\Save Internet addict\程序代码\Save InternetAddict Control\Save InternetAddict Control\Debug\link.9052-cvtres.write.1.tlog
F:\Project Engineering\Save Internet addict\程序代码\Save InternetAddict Control\Save InternetAddict Control\Debug\link.9440.read.1.tlog
F:\Project Engineering\Save Internet addict\程序代码\Save InternetAddict Control\Save InternetAddict Control\Debug\link.9440.write.1.tlog
F:\Project Engineering\Save Internet addict\程序代码\Save InternetAddict Control\Save InternetAddict Control\Debug\link.9440-cvtres.read.1.tlog
F:\Project Engineering\Save Internet addict\程序代码\Save InternetAddict Control\Save InternetAddict Control\Debug\link.9440-cvtres.write.1.tlog
F:\Project Engineering\Save Internet addict\程序代码\Save InternetAddict Control\Save InternetAddict Control\Debug\link.9804.read.1.tlog
F:\Project Engineering\Save Internet addict\程序代码\Save InternetAddict Control\Save InternetAddict Control\Debug\link.9804.write.1.tlog
F:\Project Engineering\Save Internet addict\程序代码\Save InternetAddict Control\Save InternetAddict Control\Debug\link.9804-cvtres.read.1.tlog
F:\Project Engineering\Save Internet addict\程序代码\Save InternetAddict Control\Save InternetAddict Control\Debug\link.9804-cvtres.write.1.tlog
F:\Project Engineering\Save Internet addict\程序代码\Save InternetAddict Control\Save InternetAddict Control\Debug\link.9952.read.1.tlog
F:\Project Engineering\Save Internet addict\程序代码\Save InternetAddict Control\Save InternetAddict Control\Debug\link.9952.write.1.tlog
F:\Project Engineering\Save Internet addict\程序代码\Save InternetAddict Control\Save InternetAddict Control\Debug\link.9952-cvtres.read.1.tlog
F:\Project Engineering\Save Internet addict\程序代码\Save InternetAddict Control\Save InternetAddict Control\Debug\link.9952-cvtres.write.1.tlog
F:\Project Engineering\Save Internet addict\程序代码\Save InternetAddict Control\Save InternetAddict Control\Debug\link.command.1.tlog
F:\Project Engineering\Save Internet addict\程序代码\Save InternetAddict Control\Save InternetAddict Control\Debug\link.read.1.tlog
F:\Project Engineering\Save Internet addict\程序代码\Save InternetAddict Control\Save InternetAddict Control\Debug\link.write.1.tlog
F:\Project Engineering\Save Internet addict\程序代码\Save InternetAddict Control\Save InternetAddict Control\Debug\link-cvtres.read.1.tlog
F:\Project Engineering\Save Internet addict\程序代码\Save InternetAddict Control\Save InternetAddict Control\Debug\link-cvtres.write.1.tlog
F:\Project Engineering\Save Internet addict\程序代码\Save InternetAddict Control\Save InternetAddict Control\Debug\mt.command.1.tlog
F:\Project Engineering\Save Internet addict\程序代码\Save InternetAddict Control\Save InternetAddict Control\Debug\mt.read.1.tlog
F:\Project Engineering\Save Internet addict\程序代码\Save InternetAddict Control\Save InternetAddict Control\Debug\mt.write.1.tlog
F:\Project Engineering\Save Internet addict\程序代码\Save InternetAddict Control\Save InternetAddict Control\Debug\rc.command.1.tlog
F:\Project Engineering\Save Internet addict\程序代码\Save InternetAddict Control\Save InternetAddict Control\Debug\rc.read.1.tlog
F:\Project Engineering\Save Internet addict\程序代码\Save InternetAddict Control\Save InternetAddict Control\Debug\rc.write.1.tlog
F:\PROJECT ENGINEERING\SAVE INTERNET ADDICT\程序代码\SAVE INTERNETADDICT CONTROL\SAVE INTERNETADDICT CONTROL\DEBUG\SAVE INTERNETADDICT CONTROL.EXE.EMBED.MANIFEST
F:\PROJECT ENGINEERING\SAVE INTERNET ADDICT\程序代码\SAVE INTERNETADDICT CONTROL\SAVE INTERNETADDICT CONTROL\DEBUG\SAVE INTERNETADDICT CONTROL.EXE.EMBED.MANIFEST.RES
F:\PROJECT ENGINEERING\SAVE INTERNET ADDICT\程序代码\SAVE INTERNETADDICT CONTROL\SAVE INTERNETADDICT CONTROL\DEBUG\SAVE INTERNETADDICT CONTROL.EXE.INTERMEDIATE.MANIFEST
F:\PROJECT ENGINEERING\SAVE INTERNET ADDICT\程序代码\SAVE INTERNETADDICT CONTROL\SAVE INTERNETADDICT CONTROL\DEBUG\SAVE INTERNETADDICT CONTROL.OBJ
F:\PROJECT ENGINEERING\SAVE INTERNET ADDICT\程序代码\SAVE INTERNETADDICT CONTROL\SAVE INTERNETADDICT CONTROL\DEBUG\SAVE INTERNETADDICT CONTROL.PCH
F:\PROJECT ENGINEERING\SAVE INTERNET ADDICT\程序代码\SAVE INTERNETADDICT CONTROL\SAVE INTERNETADDICT CONTROL\DEBUG\SAVE INTERNETADDICT CONTROL.RES
F:\Project Engineering\Save Internet addict\程序代码\Save InternetAddict Control\Save InternetAddict Control\Debug\Save InternetAddict Control.vcxprojResolveAssemblyReference.cache
F:\Project Engineering\Save Internet addict\程序代码\Save InternetAddict Control\Save InternetAddict Control\Debug\Save InternetAddict Control.write.1.tlog
F:\Project Engineering\Save Internet addict\程序代码\Save InternetAddict Control\Save InternetAddict Control\Debug\Save InternetAddict Control_manifest.rc
F:\PROJECT ENGINEERING\SAVE INTERNET ADDICT\程序代码\SAVE INTERNETADDICT CONTROL\SAVE INTERNETADDICT CONTROL\DEBUG\SAVE INTERNETADDICT CONTROLDLG.OBJ
F:\PROJECT ENGINEERING\SAVE INTERNET ADDICT\程序代码\SAVE INTERNETADDICT CONTROL\SAVE INTERNETADDICT CONTROL\DEBUG\SOCKETLINK.OBJ
F:\PROJECT ENGINEERING\SAVE INTERNET ADDICT\程序代码\SAVE INTERNETADDICT CONTROL\SAVE INTERNETADDICT CONTROL\DEBUG\STDAFX.OBJ
F:\PROJECT ENGINEERING\SAVE INTERNET ADDICT\程序代码\SAVE INTERNETADDICT CONTROL\SAVE INTERNETADDICT CONTROL\DEBUG\THREADCONTROLMACHINE.OBJ
F:\Project Engineering\Save Internet addict\程序代码\Save InternetAddict Control\Save InternetAddict Control\Debug\vc100.idb
F:\PROJECT ENGINEERING\SAVE INTERNET ADDICT\程序代码\SAVE INTERNETADDICT CONTROL\SAVE INTERNETADDICT CONTROL\DEBUG\VC100.PDB
