生成启动时间为 2017/8/17 15:08:32。
     1>项目“F:\Project Engineering\Save Internet addict\程序代码\Save InternetAddict Control\Save InternetAddict Control\Save InternetAddict Control.vcxproj”在节点 2 上(build 个目标)。
     1>InitializeBuildStatus:
         正在创建“Debug\Save InternetAddict Control.unsuccessfulbuild”，因为已指定“AlwaysCreate”。
       ClCompile:
         所有输出均为最新。
         C:\Program Files (x86)\Microsoft Visual Studio 10.0\VC\bin\CL.exe /c /ZI /nologo /W3 /WX- /Od /Oy- /D WIN32 /D _WINDOWS /D _DEBUG /D _UNICODE /D UNICODE /Gm /EHsc /RTC1 /MTd /GS /fp:precise /Zc:wchar_t /Zc:forScope /Yu"StdAfx.h" /Fp"Debug\Save InternetAddict Control.pch" /Fo"Debug\\" /Fd"Debug\vc100.pdb" /Gd /TP /analyze- /errorReport:prompt "Save InternetAddict ControlDlg.cpp"
         Save InternetAddict ControlDlg.cpp
       ResourceCompile:
         所有输出均为最新。
       ManifestResourceCompile:
         所有输出均为最新。
       Link:
         C:\Program Files (x86)\Microsoft Visual Studio 10.0\VC\bin\link.exe /ERRORREPORT:PROMPT /OUT:"F:\Project Engineering\Save Internet addict\程序代码\Save InternetAddict Control\Debug\Save InternetAddict Control.exe" /INCREMENTAL /NOLOGO /MANIFEST /ManifestFile:"Debug\Save InternetAddict Control.exe.intermediate.manifest" /MANIFESTUAC:"level='asInvoker' uiAccess='false'" /DEBUG /PDB:"F:\Project Engineering\Save Internet addict\程序代码\Save InternetAddict Control\Debug\Save InternetAddict Control.pdb" /SUBSYSTEM:WINDOWS /TLBID:1 /ENTRY:"wWinMainCRTStartup" /DYNAMICBASE /NXCOMPAT /IMPLIB:"F:\Project Engineering\Save Internet addict\程序代码\Save InternetAddict Control\Debug\Save InternetAddict Control.lib" /MACHINE:X86 "Debug\Save InternetAddict Control.res"
         "Debug\Save InternetAddict Control.exe.embed.manifest.res"
         "Debug\Save InternetAddict Control.obj"
         "Debug\Save InternetAddict ControlDlg.obj"
         Debug\stdafx.obj
       Manifest:
         C:\Program Files (x86)\Microsoft SDKs\Windows\v7.0A\bin\mt.exe /nologo /verbose /out:"Debug\Save InternetAddict Control.exe.embed.manifest" /manifest "Debug\Save InternetAddict Control.exe.intermediate.manifest" "C:\Program Files (x86)\Microsoft Visual Studio 10.0\VC\Include\Manifest\dpiaware.manifest"
         所有输出均为最新。
       LinkEmbedManifest:
         所有输出均为最新。
         Save InternetAddict Control.vcxproj -> F:\Project Engineering\Save Internet addict\程序代码\Save InternetAddict Control\Debug\Save InternetAddict Control.exe
       FinalizeBuildStatus:
         正在删除文件“Debug\Save InternetAddict Control.unsuccessfulbuild”。
         正在对“Debug\Save InternetAddict Control.lastbuildstate”执行 Touch 任务。
     1>已完成生成项目“F:\Project Engineering\Save Internet addict\程序代码\Save InternetAddict Control\Save InternetAddict Control\Save InternetAddict Control.vcxproj”(build 个目标)的操作。

生成成功。

已用时间 00:00:01.43
