生成启动时间为 2017/8/17 12:07:31。
     1>项目“F:\Project Engineering\Save Internet addict\程序代码\Save InternetAddict Server\Save InternetAddict Server\Save InternetAddict Server.vcxproj”在节点 2 上(build 个目标)。
     1>InitializeBuildStatus:
         正在创建“Debug\Save InternetAddict Server.unsuccessfulbuild”，因为已指定“AlwaysCreate”。
       ClCompile:
         C:\Program Files (x86)\Microsoft Visual Studio 10.0\VC\bin\CL.exe /c /ZI /nologo /W3 /WX- /Od /Oy- /D WIN32 /D _DEBUG /D _CONSOLE /D _UNICODE /D UNICODE /Gm /EHsc /RTC1 /MDd /GS /fp:precise /Zc:wchar_t /Zc:forScope /Fo"Debug\\" /Fd"Debug\vc100.pdb" /Gd /TP /analyze- /errorReport:prompt SourceMain.cpp
         SourceMain.cpp
       ManifestResourceCompile:
         所有输出均为最新。
       Link:
         C:\Program Files (x86)\Microsoft Visual Studio 10.0\VC\bin\link.exe /ERRORREPORT:PROMPT /OUT:"F:\Project Engineering\Save Internet addict\程序代码\Save InternetAddict Server\Debug\Save InternetAddict Server.exe" /INCREMENTAL /NOLOGO kernel32.lib user32.lib gdi32.lib winspool.lib comdlg32.lib advapi32.lib shell32.lib ole32.lib oleaut32.lib uuid.lib odbc32.lib odbccp32.lib /MANIFEST /ManifestFile:"Debug\Save InternetAddict Server.exe.intermediate.manifest" /MANIFESTUAC:"level='asInvoker' uiAccess='false'" /DEBUG /PDB:"F:\Project Engineering\Save Internet addict\程序代码\Save InternetAddict Server\Debug\Save InternetAddict Server.pdb" /SUBSYSTEM:CONSOLE /TLBID:1 /DYNAMICBASE /NXCOMPAT /IMPLIB:"F:\Project Engineering\Save Internet addict\程序代码\Save InternetAddict Server\Debug\Save InternetAddict Server.lib" /MACHINE:X86 "Debug\Save InternetAddict Server.exe.embed.manifest.res"
         Debug\SocketServer.obj
         Debug\SourceMain.obj
         Debug\SystemAction.obj
       Manifest:
         C:\Program Files (x86)\Microsoft SDKs\Windows\v7.0A\bin\mt.exe /nologo /verbose /out:"Debug\Save InternetAddict Server.exe.embed.manifest" /manifest "Debug\Save InternetAddict Server.exe.intermediate.manifest"
         所有输出均为最新。
       LinkEmbedManifest:
         所有输出均为最新。
         Save InternetAddict Server.vcxproj -> F:\Project Engineering\Save Internet addict\程序代码\Save InternetAddict Server\Debug\Save InternetAddict Server.exe
       FinalizeBuildStatus:
         正在删除文件“Debug\Save InternetAddict Server.unsuccessfulbuild”。
         正在对“Debug\Save InternetAddict Server.lastbuildstate”执行 Touch 任务。
     1>已完成生成项目“F:\Project Engineering\Save Internet addict\程序代码\Save InternetAddict Server\Save InternetAddict Server\Save InternetAddict Server.vcxproj”(build 个目标)的操作。

生成成功。

已用时间 00:00:01.53
